 _________________________________________________

 KRAKEN- Pekeris problem                                                         
 Frequency =   500.0    Hz
 NMedia    =   1


     N2-Linear approximation to SSP
     Attenuation units: dB/mkHz
     VACUUM


   z (m)     alphaR (m/s)   betaR  rho (g/cm^3)  alphaI     betaI


       ( # mesh points =  1000  RMS rough =   0.00     )
      0.00      1500.00      0.00     1.00       0.0000    0.0000
    200.00      1500.00      0.00     1.00       0.0000    0.0000

                                 ( RMS rough =   0.00     )
     ACOUSTO-ELASTIC half-space
    200.00      2000.00      0.00     2.00       0.0000    0.0000

 cLow =   1400.0    m/s      cHigh =   2000.0    m/s
 RMax =    100.00000000000000      km

 __________________________________________________________________________


 Number of source   depths =            1
 Source depths (m)
   20.0000    

 Number of receiver depths =          200
 Receiver depths (m)
   0.00000       1.00503       2.01005       3.01508       4.02010    
   5.02513       6.03015       7.03518       8.04020       9.04523    
   10.0503       11.0553       12.0603       13.0653       14.0704    
   15.0754       16.0804       17.0854       18.0905       19.0955    
   20.1005    
  ...    200.000000    

 Mesh multiplier   CPU seconds
                --- Number of modes =           88
        1             0.00    s
                --- Number of modes =           88
        2            0.156E-01s
        4             0.00    s

    I    k (1/m)            alpha (1/m)   Phase Speed (m/s) Group Speed (m/s)
    1   2.094337038       0.000000000       1500.041587       1499.959776    
    3   2.093872458       0.000000000       1500.374410       1499.637910    
    5   2.092942955       0.000000000       1501.040745       1498.993768    
    7   2.091547844       0.000000000       1502.041975       1498.026538    
    9   2.089686094       0.000000000       1503.380179       1496.735022    
   11   2.087356332       0.000000000       1505.058147       1495.117655    
   13   2.084556839       0.000000000       1507.079392       1493.172535    
   15   2.081285546       0.000000000       1509.448167       1490.897447    
   17   2.077540036       0.000000000       1512.169488       1488.289894    
   19   2.073317536       0.000000000       1515.249159       1485.347120    
   21   2.068614912       0.000000000       1518.693806       1482.066138    
   23   2.063428664       0.000000000       1522.510910       1478.443745    
   25   2.057754915       0.000000000       1526.708857       1474.476537    
   27   2.051589401       0.000000000       1531.296980       1470.160918    
   29   2.044927461       0.000000000       1536.285621       1465.493101    
   31   2.037764019       0.000000000       1541.686194       1460.469107    
   33   2.030093566       0.000000000       1547.511260       1455.084760    
   35   2.021910147       0.000000000       1553.774611       1449.335670    
   37   2.013207331       0.000000000       1560.491364       1443.217224    
   39   2.003978190       0.000000000       1567.678066       1436.724566    
   41   1.994215270       0.000000000       1575.352822       1429.852576    
   43   1.983910561       0.000000000       1583.535425       1422.595850    
   45   1.973055461       0.000000000       1592.247514       1414.948674    
   47   1.961640737       0.000000000       1601.512751       1406.905002    
   49   1.949656482       0.000000000       1611.357018       1398.458432    
   51   1.937092068       0.000000000       1621.808641       1389.602177    
   53   1.923936092       0.000000000       1632.898653       1380.329046    
   55   1.910176321       0.000000000       1644.661082       1370.631419    
   57   1.895799618       0.000000000       1657.133287       1360.501233    
   59   1.880791882       0.000000000       1670.356345       1349.929967    
   61   1.865137954       0.000000000       1684.375489       1338.908648    
   63   1.848821540       0.000000000       1699.240617       1327.427865    
   65   1.831825104       0.000000000       1715.006878       1315.477827    
   67   1.814129765       0.000000000       1731.735356       1303.048457    
   69   1.795715171       0.000000000       1749.493853       1290.129597    
   71   1.776559379       0.000000000       1768.357810       1276.711349    
   73   1.756638714       0.000000000       1788.411372       1262.784727    
   75   1.735927639       0.000000000       1809.748623       1248.342861    
   77   1.714398640       0.000000000       1832.475003       1233.383374    
   79   1.692022183       0.000000000       1856.708905       1217.913407    
   81   1.668766848       0.000000000       1882.583333       1201.961416    
   83   1.644600003       0.000000000       1910.247263       1185.609608    
   85   1.619490316       0.000000000       1939.865044       1169.108838    
   87   1.593419724       0.000000000       1971.603970       1153.543672    
 _________________________________________________

 End of environmental file
