 _________________________________________________

 KRAKEN- Ideal problem                                                           
 Frequency =   500.0    Hz
 NMedia    =   1


     N2-Linear approximation to SSP
     Attenuation units: dB/mkHz
     VACUUM


   z (m)     alphaR (m/s)   betaR  rho (g/cm^3)  alphaI     betaI


       ( # mesh points =  1000  RMS rough =   0.00     )
      0.00      1500.00      0.00     1.00       0.0000    0.0000
    200.00      1500.00      0.00     1.00       0.0000    0.0000

                                 ( RMS rough =   0.00     )
     Perfectly RIGID

 cLow =   1400.0    m/s      cHigh =   2000.0    m/s
 RMax =    100.00000000000000      km

 __________________________________________________________________________


 Number of source   depths =            1
 Source depths (m)
   20.0000    

 Number of receiver depths =            1
 Receiver depths (m)
   200.000    

 Mesh multiplier   CPU seconds
                --- Number of modes =           88
        1            0.156E-01s
                --- Number of modes =           88
        2             0.00    s
        4             0.00    s

    I    k (1/m)            alpha (1/m)   Phase Speed (m/s) Group Speed (m/s)
    1   2.094380376       0.000000000       1500.010547       1499.989453    
    3   2.094026915       0.000000000       1500.263741       1499.736306    
    5   2.093201939       0.000000000       1500.855027       1499.145474    
    7   2.091904892       0.000000000       1501.785605       1498.216580    
    9   2.090134893       0.000000000       1503.057369       1496.949031    
   11   2.087890741       0.000000000       1504.672918       1495.342018    
   13   2.085170905       0.000000000       1506.635569       1493.394506    
   15   2.081973520       0.000000000       1508.949381       1491.105240    
   17   2.078296382       0.000000000       1511.619171       1488.472732    
   19   2.074136939       0.000000000       1514.650549       1485.495263    
   21   2.069492284       0.000000000       1518.049948       1482.170871    
   23   2.064359141       0.000000000       1521.824663       1478.497348    
   25   2.058733857       0.000000000       1525.982896       1474.472230    
   27   2.052612385       0.000000000       1530.533810       1470.092788    
   29   2.045990271       0.000000000       1535.487582       1465.356020    
   31   2.038862638       0.000000000       1540.855472       1460.258637    
   33   2.031224164       0.000000000       1546.649902       1454.797049    
   35   2.023069062       0.000000000       1552.884532       1448.967355    
   37   2.014391058       0.000000000       1559.574364       1442.765325    
   39   2.005183362       0.000000000       1566.735847       1436.186382    
   41   1.995438643       0.000000000       1574.386997       1429.225582    
   43   1.985148992       0.000000000       1582.547540       1421.877594    
   45   1.974305889       0.000000000       1591.239064       1414.136675    
   47   1.962900161       0.000000000       1600.485198       1405.996643    
   49   1.950921941       0.000000000       1610.311816       1397.450848    
   51   1.938360616       0.000000000       1620.747258       1388.492138    
   53   1.925204773       0.000000000       1631.822598       1379.112824    
   55   1.911442134       0.000000000       1643.571938       1369.304637    
   57   1.897059495       0.000000000       1656.032750       1359.058684    
   59   1.882042641       0.000000000       1669.246267       1348.365393    
   61   1.866376264       0.000000000       1683.257934       1337.214462    
   63   1.850043862       0.000000000       1698.117930       1325.594785    
   65   1.833027633       0.000000000       1713.881775       1313.494390    
   67   1.815308347       0.000000000       1730.611033       1300.900345    
   69   1.796865205       0.000000000       1748.374138       1287.798673    
   71   1.777675677       0.000000000       1767.247363       1274.174240    
   73   1.757715319       0.000000000       1787.315966       1260.010636    
   75   1.736957555       0.000000000       1808.675545       1245.290032    
   77   1.715373439       0.000000000       1831.433658       1229.993021    
   79   1.692931364       0.000000000       1855.711768       1214.098433    
   81   1.669596732       0.000000000       1881.647582       1197.583114    
   83   1.645331569       0.000000000       1909.397907       1180.421677    
   85   1.620094064       0.000000000       1939.142130       1162.586201    
   87   1.593838027       0.000000000       1971.086522       1144.045884    
 _________________________________________________

 End of environmental file
