
 __________________________________________________________________________
 Running FIELD
 Sums modes, producing pressure

 Point source
 Range-independent calculation

 Number of profiles   =            1
   0.00000    

 Number of receiver ranges =         1001
 Receiver ranges (km)
  0.100000E-01  0.110000E-01  0.120000E-01  0.130000E-01  0.140000E-01
  0.150000E-01  0.160000E-01  0.170000E-01  0.180000E-01  0.190000E-01
  0.200000E-01  0.210000E-01  0.220000E-01  0.230000E-01  0.240000E-01
  0.250000E-01  0.260000E-01  0.270000E-01  0.280000E-01  0.290000E-01
  0.300000E-01
  ...    1.00999999    

 __________________________________________________________________________


 Number of source   depths =            1
 Source depths (m)
   20.0000    

 Number of receiver depths =          200
 Receiver depths (m)
   0.00000       1.00503       2.01005       3.01508       4.02010    
   5.02513       6.03015       7.03518       8.04020       9.04523    
   10.0503       11.0553       12.0603       13.0653       14.0704    
   15.0754       16.0804       17.0854       18.0905       19.0955    
   20.1005    
  ...    200.000000    
 Nrr, Nrd =            1         200

 *** WARNING ***
 Generated by program or subroutine: FIELD
 Nrr being set to Nrd


 Number of receiver range offsets =          200
 Receiver range offsets (km)
   0.00000       0.00000       0.00000       0.00000       0.00000    
   0.00000       0.00000       0.00000       0.00000       0.00000    
   0.00000       0.00000       0.00000       0.00000       0.00000    
   0.00000       0.00000       0.00000       0.00000       0.00000    
   0.00000    
  ...    0.00000000    

 Field completed successfully
